2023-06-06 11:04:14,717 WARN com.zaxxer.hikari.pool.HikariPool$HouseKeeper [HikariPool-1 housekeeper]  HikariPool-1 - Thread starvation or clock leap detected (housekeeper delta=13h28m5s741ms241µs200ns).
2023-06-06 11:04:14,718 INFO com.example.fileuploader.controller.FileTransferController [http-nio-8080-exec-2]  Iteration of folders start at: 2023-06-05T21:34:24.415
2023-06-06 11:04:14,752 INFO com.example.fileuploader.controller.FileTransferController [http-nio-8080-exec-2]   at 2023-06-06T11:04:14.752
2023-06-06 11:04:14,755 INFO com.example.fileuploader.controller.FileTransferController [http-nio-8080-exec-2]  Process completed at 2023-06-06T11:04:14.755
2023-06-06 11:04:15,014 INFO org.quartz.core.QuartzScheduler [SpringApplicationShutdownHook]  Scheduler quartzScheduler_$_NON_CLUSTERED paused.
2023-06-06 11:04:15,945 INFO org.springframework.scheduling.quartz.SchedulerFactoryBean [SpringApplicationShutdownHook]  Shutting down Quartz Scheduler
2023-06-06 11:04:15,947 INFO org.quartz.core.QuartzScheduler [SpringApplicationShutdownHook]  Scheduler quartzScheduler_$_NON_CLUSTERED shutting down.
2023-06-06 11:04:15,948 INFO org.quartz.core.QuartzScheduler [SpringApplicationShutdownHook]  Scheduler quartzScheduler_$_NON_CLUSTERED paused.
2023-06-06 11:04:15,953 INFO org.quartz.core.QuartzScheduler [SpringApplicationShutdownHook]  Scheduler quartzScheduler_$_NON_CLUSTERED shutdown complete.
2023-06-06 11:04:15,955 INFO org.springframework.orm.jpa.AbstractEntityManagerFactoryBean [SpringApplicationShutdownHook]  Closing JPA EntityManagerFactory for persistence unit 'default'
2023-06-06 11:04:15,970 INFO com.zaxxer.hikari.HikariDataSource [SpringApplicationShutdownHook]  HikariPool-1 - Shutdown initiated...
2023-06-06 11:04:15,987 INFO com.zaxxer.hikari.HikariDataSource [SpringApplicationShutdownHook]  HikariPool-1 - Shutdown completed.
2023-06-06 11:04:30,133 INFO org.springframework.boot.StartupInfoLogger [main]  Starting FileUploaderApplication using Java 1.8.0_202 on R50000273B with PID 26264 (D:\RedDot Projects\File Uploader\target\classes started by fahim.akber in D:\RedDot Projects\File Uploader)
2023-06-06 11:04:30,140 DEBUG org.springframework.boot.StartupInfoLogger [main]  Running with Spring Boot v2.6.4, Spring v5.3.16
2023-06-06 11:04:30,141 INFO org.springframework.boot.SpringApplication [main]  The following 1 profile is active: "dev"
2023-06-06 11:04:31,327 INFO org.springframework.data.repository.config.RepositoryConfigurationDelegate [main]  Bootstrapping Spring Data JPA repositories in DEFAULT mode.
2023-06-06 11:04:31,461 INFO org.springframework.data.repository.config.RepositoryConfigurationDelegate [main]  Finished Spring Data repository scanning in 118 ms. Found 3 JPA repository interfaces.
2023-06-06 11:04:32,333 INFO org.springframework.boot.web.embedded.tomcat.TomcatWebServer [main]  Tomcat initialized with port(s): 8080 (http)
2023-06-06 11:04:32,349 INFO org.apache.juli.logging.DirectJDKLog [main]  Initializing ProtocolHandler ["http-nio-8080"]
2023-06-06 11:04:32,351 INFO org.apache.juli.logging.DirectJDKLog [main]  Starting service [Tomcat]
2023-06-06 11:04:32,352 INFO org.apache.juli.logging.DirectJDKLog [main]  Starting Servlet engine: [Apache Tomcat/9.0.58]
2023-06-06 11:04:32,614 INFO org.apache.juli.logging.DirectJDKLog [main]  Initializing Spring embedded WebApplicationContext
2023-06-06 11:04:32,615 INFO org.springframework.boot.web.servlet.context.ServletWebServerApplicationContext [main]  Root WebApplicationContext: initialization completed in 2392 ms
2023-06-06 11:04:32,774 INFO com.zaxxer.hikari.HikariDataSource [main]  HikariPool-1 - Starting...
2023-06-06 11:04:33,834 INFO com.zaxxer.hikari.HikariDataSource [main]  HikariPool-1 - Start completed.
2023-06-06 11:04:35,228 INFO org.hibernate.jpa.internal.util.LogHelper [main]  HHH000204: Processing PersistenceUnitInfo [name: default]
2023-06-06 11:04:35,309 INFO org.hibernate.Version [main]  HHH000412: Hibernate ORM core version 5.6.5.Final
2023-06-06 11:04:35,544 INFO org.hibernate.annotations.common.reflection.java.JavaReflectionManager [main]  HCANN000001: Hibernate Commons Annotations {5.1.2.Final}
2023-06-06 11:04:35,731 INFO org.hibernate.dialect.Dialect [main]  HHH000400: Using dialect: org.hibernate.dialect.MySQL8Dialect
2023-06-06 11:04:36,856 INFO org.hibernate.engine.transaction.jta.platform.internal.JtaPlatformInitiator [main]  HHH000490: Using JtaPlatform implementation: [org.hibernate.engine.transaction.jta.platform.internal.NoJtaPlatform]
2023-06-06 11:04:36,872 INFO org.springframework.orm.jpa.AbstractEntityManagerFactoryBean [main]  Initialized JPA EntityManagerFactory for persistence unit 'default'
2023-06-06 11:04:37,676 INFO org.quartz.impl.StdSchedulerFactory [main]  Using default implementation for ThreadExecutor
2023-06-06 11:04:37,697 INFO org.quartz.core.SchedulerSignalerImpl [main]  Initialized Scheduler Signaller of type: class org.quartz.core.SchedulerSignalerImpl
2023-06-06 11:04:37,697 INFO org.quartz.core.QuartzScheduler [main]  Quartz Scheduler v.2.3.2 created.
2023-06-06 11:04:37,702 INFO org.quartz.impl.jdbcjobstore.JobStoreSupport [main]  Using db table-based data access locking (synchronization).
2023-06-06 11:04:37,706 INFO org.quartz.impl.jdbcjobstore.JobStoreCMT [main]  JobStoreCMT initialized.
2023-06-06 11:04:37,708 INFO org.quartz.core.QuartzScheduler [main]  Scheduler meta-data: Quartz Scheduler (v2.3.2) 'quartzScheduler' with instanceId 'NON_CLUSTERED'
  Scheduler class: 'org.quartz.core.QuartzScheduler' - running locally.
  NOT STARTED.
  Currently in standby mode.
  Number of jobs executed: 0
  Using thread pool 'org.quartz.simpl.SimpleThreadPool' - with 20 threads.
  Using job-store 'org.springframework.scheduling.quartz.LocalDataSourceJobStore' - which supports persistence. and is clustered.

2023-06-06 11:04:37,709 INFO org.quartz.impl.StdSchedulerFactory [main]  Quartz scheduler 'quartzScheduler' initialized from an externally provided properties instance.
2023-06-06 11:04:37,709 INFO org.quartz.impl.StdSchedulerFactory [main]  Quartz scheduler version: 2.3.2
2023-06-06 11:04:37,709 INFO org.quartz.core.QuartzScheduler [main]  JobFactory set to: org.springframework.scheduling.quartz.SpringBeanJobFactory@14d298d6
2023-06-06 11:04:38,117 WARN org.springframework.boot.autoconfigure.orm.jpa.JpaBaseConfiguration$JpaWebConfiguration [main]  spring.jpa.open-in-view is enabled by default. Therefore, database queries may be performed during view rendering. Explicitly configure spring.jpa.open-in-view to disable this warning
2023-06-06 11:04:38,974 INFO org.apache.juli.logging.DirectJDKLog [main]  Starting ProtocolHandler ["http-nio-8080"]
2023-06-06 11:04:39,024 INFO org.springframework.boot.web.embedded.tomcat.TomcatWebServer [main]  Tomcat started on port(s): 8080 (http) with context path ''
2023-06-06 11:04:39,027 INFO org.springframework.scheduling.quartz.SchedulerFactoryBean [main]  Starting Quartz Scheduler now
2023-06-06 11:04:39,056 INFO org.quartz.core.QuartzScheduler [main]  Scheduler quartzScheduler_$_NON_CLUSTERED started.
2023-06-06 11:04:39,076 INFO org.springframework.boot.StartupInfoLogger [main]  Started FileUploaderApplication in 10.114 seconds (JVM running for 16.272)
2023-06-06 11:04:53,142 INFO org.apache.juli.logging.DirectJDKLog [http-nio-8080-exec-2]  Initializing Spring DispatcherServlet 'dispatcherServlet'
2023-06-06 11:04:53,143 INFO org.springframework.web.servlet.FrameworkServlet [http-nio-8080-exec-2]  Initializing Servlet 'dispatcherServlet'
2023-06-06 11:04:53,146 INFO org.springframework.web.servlet.FrameworkServlet [http-nio-8080-exec-2]  Completed initialization in 3 ms
2023-06-06 11:08:56,269 WARN com.zaxxer.hikari.pool.HikariPool$HouseKeeper [HikariPool-1 housekeeper]  HikariPool-1 - Thread starvation or clock leap detected (housekeeper delta=3m38s794ms195µs900ns).
2023-06-06 11:08:56,364 INFO org.quartz.core.QuartzScheduler [SpringApplicationShutdownHook]  Scheduler quartzScheduler_$_NON_CLUSTERED paused.
2023-06-06 11:08:58,063 INFO com.example.fileuploader.controller.FileTransferController [http-nio-8080-exec-2]  Iteration of folders start at: 2023-06-06T11:04:53.837
2023-06-06 11:08:58,078 INFO com.example.fileuploader.controller.FileTransferController [http-nio-8080-exec-2]  Failure at 2023-06-06T11:08:58.078
2023-06-06 11:08:58,079 INFO com.example.fileuploader.controller.FileTransferController [http-nio-8080-exec-2]  Process completed at 2023-06-06T11:08:58.079
2023-06-06 11:08:58,155 INFO org.springframework.scheduling.quartz.SchedulerFactoryBean [SpringApplicationShutdownHook]  Shutting down Quartz Scheduler
2023-06-06 11:08:58,155 INFO org.quartz.core.QuartzScheduler [SpringApplicationShutdownHook]  Scheduler quartzScheduler_$_NON_CLUSTERED shutting down.
2023-06-06 11:08:58,156 INFO org.quartz.core.QuartzScheduler [SpringApplicationShutdownHook]  Scheduler quartzScheduler_$_NON_CLUSTERED paused.
2023-06-06 11:08:58,157 INFO org.quartz.core.QuartzScheduler [SpringApplicationShutdownHook]  Scheduler quartzScheduler_$_NON_CLUSTERED shutdown complete.
2023-06-06 11:08:58,158 INFO org.springframework.orm.jpa.AbstractEntityManagerFactoryBean [SpringApplicationShutdownHook]  Closing JPA EntityManagerFactory for persistence unit 'default'
2023-06-06 11:08:58,162 INFO com.zaxxer.hikari.HikariDataSource [SpringApplicationShutdownHook]  HikariPool-1 - Shutdown initiated...
2023-06-06 11:08:58,174 INFO com.zaxxer.hikari.HikariDataSource [SpringApplicationShutdownHook]  HikariPool-1 - Shutdown completed.
2023-06-06 11:09:13,781 INFO org.springframework.boot.StartupInfoLogger [main]  Starting FileUploaderApplication using Java 1.8.0_202 on R50000273B with PID 25964 (D:\RedDot Projects\File Uploader\target\classes started by fahim.akber in D:\RedDot Projects\File Uploader)
2023-06-06 11:09:13,787 DEBUG org.springframework.boot.StartupInfoLogger [main]  Running with Spring Boot v2.6.4, Spring v5.3.16
2023-06-06 11:09:13,788 INFO org.springframework.boot.SpringApplication [main]  The following 1 profile is active: "dev"
2023-06-06 11:09:14,883 INFO org.springframework.data.repository.config.RepositoryConfigurationDelegate [main]  Bootstrapping Spring Data JPA repositories in DEFAULT mode.
2023-06-06 11:09:14,999 INFO org.springframework.data.repository.config.RepositoryConfigurationDelegate [main]  Finished Spring Data repository scanning in 100 ms. Found 3 JPA repository interfaces.
2023-06-06 11:09:15,799 INFO org.springframework.boot.web.embedded.tomcat.TomcatWebServer [main]  Tomcat initialized with port(s): 8080 (http)
2023-06-06 11:09:15,814 INFO org.apache.juli.logging.DirectJDKLog [main]  Initializing ProtocolHandler ["http-nio-8080"]
2023-06-06 11:09:15,815 INFO org.apache.juli.logging.DirectJDKLog [main]  Starting service [Tomcat]
2023-06-06 11:09:15,816 INFO org.apache.juli.logging.DirectJDKLog [main]  Starting Servlet engine: [Apache Tomcat/9.0.58]
2023-06-06 11:09:16,009 INFO org.apache.juli.logging.DirectJDKLog [main]  Initializing Spring embedded WebApplicationContext
2023-06-06 11:09:16,009 INFO org.springframework.boot.web.servlet.context.ServletWebServerApplicationContext [main]  Root WebApplicationContext: initialization completed in 2147 ms
2023-06-06 11:09:16,146 INFO com.zaxxer.hikari.HikariDataSource [main]  HikariPool-1 - Starting...
2023-06-06 11:09:16,991 INFO com.zaxxer.hikari.HikariDataSource [main]  HikariPool-1 - Start completed.
2023-06-06 11:09:18,204 INFO org.hibernate.jpa.internal.util.LogHelper [main]  HHH000204: Processing PersistenceUnitInfo [name: default]
2023-06-06 11:09:18,277 INFO org.hibernate.Version [main]  HHH000412: Hibernate ORM core version 5.6.5.Final
2023-06-06 11:09:18,510 INFO org.hibernate.annotations.common.reflection.java.JavaReflectionManager [main]  HCANN000001: Hibernate Commons Annotations {5.1.2.Final}
2023-06-06 11:09:18,686 INFO org.hibernate.dialect.Dialect [main]  HHH000400: Using dialect: org.hibernate.dialect.MySQL8Dialect
2023-06-06 11:09:19,681 INFO org.hibernate.engine.transaction.jta.platform.internal.JtaPlatformInitiator [main]  HHH000490: Using JtaPlatform implementation: [org.hibernate.engine.transaction.jta.platform.internal.NoJtaPlatform]
2023-06-06 11:09:19,696 INFO org.springframework.orm.jpa.AbstractEntityManagerFactoryBean [main]  Initialized JPA EntityManagerFactory for persistence unit 'default'
2023-06-06 11:09:20,413 INFO org.quartz.impl.StdSchedulerFactory [main]  Using default implementation for ThreadExecutor
2023-06-06 11:09:20,431 INFO org.quartz.core.SchedulerSignalerImpl [main]  Initialized Scheduler Signaller of type: class org.quartz.core.SchedulerSignalerImpl
2023-06-06 11:09:20,431 INFO org.quartz.core.QuartzScheduler [main]  Quartz Scheduler v.2.3.2 created.
2023-06-06 11:09:20,436 INFO org.quartz.impl.jdbcjobstore.JobStoreSupport [main]  Using db table-based data access locking (synchronization).
2023-06-06 11:09:20,439 INFO org.quartz.impl.jdbcjobstore.JobStoreCMT [main]  JobStoreCMT initialized.
2023-06-06 11:09:20,441 INFO org.quartz.core.QuartzScheduler [main]  Scheduler meta-data: Quartz Scheduler (v2.3.2) 'quartzScheduler' with instanceId 'NON_CLUSTERED'
  Scheduler class: 'org.quartz.core.QuartzScheduler' - running locally.
  NOT STARTED.
  Currently in standby mode.
  Number of jobs executed: 0
  Using thread pool 'org.quartz.simpl.SimpleThreadPool' - with 20 threads.
  Using job-store 'org.springframework.scheduling.quartz.LocalDataSourceJobStore' - which supports persistence. and is clustered.

2023-06-06 11:09:20,442 INFO org.quartz.impl.StdSchedulerFactory [main]  Quartz scheduler 'quartzScheduler' initialized from an externally provided properties instance.
2023-06-06 11:09:20,442 INFO org.quartz.impl.StdSchedulerFactory [main]  Quartz scheduler version: 2.3.2
2023-06-06 11:09:20,442 INFO org.quartz.core.QuartzScheduler [main]  JobFactory set to: org.springframework.scheduling.quartz.SpringBeanJobFactory@103e9972
2023-06-06 11:09:20,795 WARN org.springframework.boot.autoconfigure.orm.jpa.JpaBaseConfiguration$JpaWebConfiguration [main]  spring.jpa.open-in-view is enabled by default. Therefore, database queries may be performed during view rendering. Explicitly configure spring.jpa.open-in-view to disable this warning
2023-06-06 11:09:21,541 INFO org.apache.juli.logging.DirectJDKLog [main]  Starting ProtocolHandler ["http-nio-8080"]
2023-06-06 11:09:21,574 INFO org.springframework.boot.web.embedded.tomcat.TomcatWebServer [main]  Tomcat started on port(s): 8080 (http) with context path ''
2023-06-06 11:09:21,576 INFO org.springframework.scheduling.quartz.SchedulerFactoryBean [main]  Starting Quartz Scheduler now
2023-06-06 11:09:21,601 INFO org.quartz.core.QuartzScheduler [main]  Scheduler quartzScheduler_$_NON_CLUSTERED started.
2023-06-06 11:09:21,619 INFO org.springframework.boot.StartupInfoLogger [main]  Started FileUploaderApplication in 8.653 seconds (JVM running for 14.195)
2023-06-06 11:09:28,579 INFO org.apache.juli.logging.DirectJDKLog [http-nio-8080-exec-2]  Initializing Spring DispatcherServlet 'dispatcherServlet'
2023-06-06 11:09:28,579 INFO org.springframework.web.servlet.FrameworkServlet [http-nio-8080-exec-2]  Initializing Servlet 'dispatcherServlet'
2023-06-06 11:09:28,583 INFO org.springframework.web.servlet.FrameworkServlet [http-nio-8080-exec-2]  Completed initialization in 3 ms
2023-06-06 11:19:24,320 WARN com.zaxxer.hikari.pool.HikariPool$HouseKeeper [HikariPool-1 housekeeper]  HikariPool-1 - Thread starvation or clock leap detected (housekeeper delta=10m7s215ms870µs900ns).
2023-06-06 11:19:24,320 INFO com.example.fileuploader.controller.FileTransferController [http-nio-8080-exec-2]  Iteration of folders start at: 2023-06-06T11:09:29.122
2023-06-06 11:19:24,330 INFO com.example.fileuploader.controller.FileTransferController [http-nio-8080-exec-2]  No such file at 2023-06-06T11:19:24.330
2023-06-06 11:19:24,335 INFO com.example.fileuploader.controller.FileTransferController [http-nio-8080-exec-2]  Process completed at 2023-06-06T11:19:24.335
